{"/Users/roberto/Workspace/2022/TADS_BACK/stickers-api/src/modules/commons/config/index.ts": {"path":"/Users/roberto/Workspace/2022/TADS_BACK/stickers-api/src/modules/commons/config/index.ts","statementMap":{"0":{"start":{"line":1,"column":0},"end":{"line":1,"column":7}},"1":{"start":{"line":4,"column":4},"end":{"line":1,"column":43}}},"fnMap":{},"branchMap":{},"s":{"0":1,"1":1},"f":{},"b":{}}
,"/Users/roberto/Workspace/2022/TADS_BACK/stickers-api/src/modules/commons/config/logger-config.ts": {"path":"/Users/roberto/Workspace/2022/TADS_BACK/stickers-api/src/modules/commons/config/logger-config.ts","statementMap":{"0":{"start":{"line":1,"column":0},"end":{"line":1,"column":48}},"1":{"start":{"line":3,"column":36},"end":{"line":13,"column":null}},"2":{"start":{"line":15,"column":0},"end":{"line":15,"column":null}}},"fnMap":{},"branchMap":{},"s":{"0":1,"1":1,"2":1},"f":{},"b":{}}
,"/Users/roberto/Workspace/2022/TADS_BACK/stickers-api/src/modules/commons/errors/database-error.ts": {"path":"/Users/roberto/Workspace/2022/TADS_BACK/stickers-api/src/modules/commons/errors/database-error.ts","statementMap":{"0":{"start":{"line":1,"column":0},"end":{"line":1,"column":47}},"1":{"start":{"line":2,"column":0},"end":{"line":2,"column":47}},"2":{"start":{"line":4,"column":0},"end":{"line":4,"column":null}},"3":{"start":{"line":5,"column":4},"end":{"line":5,"column":null}},"4":{"start":{"line":6,"column":4},"end":{"line":6,"column":null}},"5":{"start":{"line":7,"column":4},"end":{"line":7,"column":null}},"6":{"start":{"line":12,"column":8},"end":{"line":12,"column":null}},"7":{"start":{"line":10,"column":0},"end":{"line":10,"column":13}}},"fnMap":{"0":{"name":"(anonymous_0)","decl":{"start":{"line":4,"column":0},"end":{"line":4,"column":12}},"loc":{"start":{"line":4,"column":30},"end":{"line":8,"column":1}}},"1":{"name":"(anonymous_1)","decl":{"start":{"line":11,"column":4},"end":{"line":11,"column":16}},"loc":{"start":{"line":11,"column":57},"end":{"line":13,"column":5}}}},"branchMap":{"0":{"loc":{"start":{"line":4,"column":12},"end":{"line":4,"column":null}},"type":"binary-expr","locations":[{"start":{"line":4,"column":12},"end":{"line":4,"column":30}},{"start":{"line":4,"column":12},"end":{"line":4,"column":null}}]}},"s":{"0":1,"1":1,"2":1,"3":1,"4":1,"5":1,"6":2,"7":1},"f":{"0":1,"1":2},"b":{"0":[1,1]}}
,"/Users/roberto/Workspace/2022/TADS_BACK/stickers-api/src/modules/commons/errors/default-error.ts": {"path":"/Users/roberto/Workspace/2022/TADS_BACK/stickers-api/src/modules/commons/errors/default-error.ts","statementMap":{"0":{"start":{"line":6,"column":8},"end":{"line":6,"column":null}},"1":{"start":{"line":7,"column":8},"end":{"line":7,"column":null}},"2":{"start":{"line":8,"column":8},"end":{"line":8,"column":null}},"3":{"start":{"line":1,"column":0},"end":{"line":1,"column":13}}},"fnMap":{"0":{"name":"(anonymous_0)","decl":{"start":{"line":5,"column":4},"end":{"line":5,"column":16}},"loc":{"start":{"line":5,"column":61},"end":{"line":9,"column":5}}}},"branchMap":{},"s":{"0":2,"1":2,"2":2,"3":1},"f":{"0":2},"b":{}}
,"/Users/roberto/Workspace/2022/TADS_BACK/stickers-api/src/modules/commons/errors/index.ts": {"path":"/Users/roberto/Workspace/2022/TADS_BACK/stickers-api/src/modules/commons/errors/index.ts","statementMap":{"0":{"start":{"line":1,"column":0},"end":{"line":1,"column":9}},"1":{"start":{"line":1,"column":9},"end":{"line":1,"column":47}},"2":{"start":{"line":2,"column":0},"end":{"line":2,"column":9}},"3":{"start":{"line":2,"column":9},"end":{"line":2,"column":24}},"4":{"start":{"line":2,"column":24},"end":{"line":2,"column":69}},"5":{"start":{"line":3,"column":0},"end":{"line":3,"column":9}},"6":{"start":{"line":3,"column":9},"end":{"line":3,"column":26}},"7":{"start":{"line":3,"column":26},"end":{"line":3,"column":75}}},"fnMap":{"0":{"name":"(anonymous_0)","decl":{"start":{"line":1,"column":9},"end":{"line":1,"column":21}},"loc":{"start":{"line":1,"column":9},"end":{"line":1,"column":47}}},"1":{"name":"(anonymous_1)","decl":{"start":{"line":2,"column":9},"end":{"line":2,"column":22}},"loc":{"start":{"line":2,"column":9},"end":{"line":2,"column":24}}},"2":{"name":"(anonymous_2)","decl":{"start":{"line":2,"column":24},"end":{"line":2,"column":42}},"loc":{"start":{"line":2,"column":24},"end":{"line":2,"column":69}}},"3":{"name":"(anonymous_3)","decl":{"start":{"line":3,"column":9},"end":{"line":3,"column":24}},"loc":{"start":{"line":3,"column":9},"end":{"line":3,"column":26}}},"4":{"name":"(anonymous_4)","decl":{"start":{"line":3,"column":26},"end":{"line":3,"column":46}},"loc":{"start":{"line":3,"column":26},"end":{"line":3,"column":75}}}},"branchMap":{},"s":{"0":1,"1":1,"2":1,"3":3,"4":5,"5":1,"6":1,"7":1},"f":{"0":0,"1":2,"2":4,"3":0,"4":0},"b":{}}
,"/Users/roberto/Workspace/2022/TADS_BACK/stickers-api/src/modules/commons/errors/validation-error.ts": {"path":"/Users/roberto/Workspace/2022/TADS_BACK/stickers-api/src/modules/commons/errors/validation-error.ts","statementMap":{"0":{"start":{"line":1,"column":0},"end":{"line":1,"column":48}},"1":{"start":{"line":2,"column":0},"end":{"line":2,"column":47}},"2":{"start":{"line":4,"column":0},"end":{"line":4,"column":null}},"3":{"start":{"line":5,"column":4},"end":{"line":5,"column":null}},"4":{"start":{"line":6,"column":4},"end":{"line":6,"column":null}},"5":{"start":{"line":11,"column":8},"end":{"line":11,"column":null}},"6":{"start":{"line":9,"column":0},"end":{"line":9,"column":13}}},"fnMap":{"0":{"name":"(anonymous_0)","decl":{"start":{"line":4,"column":0},"end":{"line":4,"column":12}},"loc":{"start":{"line":4,"column":32},"end":{"line":7,"column":1}}},"1":{"name":"(anonymous_1)","decl":{"start":{"line":10,"column":4},"end":{"line":10,"column":16}},"loc":{"start":{"line":10,"column":59},"end":{"line":12,"column":5}}}},"branchMap":{"0":{"loc":{"start":{"line":4,"column":12},"end":{"line":4,"column":null}},"type":"binary-expr","locations":[{"start":{"line":4,"column":12},"end":{"line":4,"column":32}},{"start":{"line":4,"column":12},"end":{"line":4,"column":null}}]}},"s":{"0":1,"1":1,"2":1,"3":1,"4":1,"5":0,"6":1},"f":{"0":1,"1":0},"b":{"0":[1,1]}}
,"/Users/roberto/Workspace/2022/TADS_BACK/stickers-api/src/modules/commons/logger/api-logger.ts": {"path":"/Users/roberto/Workspace/2022/TADS_BACK/stickers-api/src/modules/commons/logger/api-logger.ts","statementMap":{"0":{"start":{"line":1,"column":0},"end":{"line":1,"column":29}},"1":{"start":{"line":2,"column":0},"end":{"line":2,"column":40}},"2":{"start":{"line":5,"column":22},"end":{"line":5,"column":56}},"3":{"start":{"line":7,"column":13},"end":{"line":8,"column":37}},"4":{"start":{"line":8,"column":4},"end":{"line":8,"column":37}},"5":{"start":{"line":10,"column":14},"end":{"line":11,"column":38}},"6":{"start":{"line":11,"column":4},"end":{"line":11,"column":38}},"7":{"start":{"line":13,"column":0},"end":{"line":16,"column":null}}},"fnMap":{"0":{"name":"(anonymous_1)","decl":{"start":{"line":7,"column":13},"end":{"line":7,"column":14}},"loc":{"start":{"line":8,"column":4},"end":{"line":8,"column":37}}},"1":{"name":"(anonymous_2)","decl":{"start":{"line":10,"column":14},"end":{"line":10,"column":15}},"loc":{"start":{"line":11,"column":4},"end":{"line":11,"column":38}}}},"branchMap":{},"s":{"0":1,"1":1,"2":1,"3":1,"4":0,"5":1,"6":0,"7":1},"f":{"0":0,"1":0},"b":{}}
,"/Users/roberto/Workspace/2022/TADS_BACK/stickers-api/src/modules/commons/logger/index.ts": {"path":"/Users/roberto/Workspace/2022/TADS_BACK/stickers-api/src/modules/commons/logger/index.ts","statementMap":{"0":{"start":{"line":1,"column":0},"end":{"line":1,"column":7}},"1":{"start":{"line":5,"column":4},"end":{"line":1,"column":37}}},"fnMap":{},"branchMap":{},"s":{"0":1,"1":1},"f":{},"b":{}}
,"/Users/roberto/Workspace/2022/TADS_BACK/stickers-api/src/modules/stickers/data/entity/index.ts": {"path":"/Users/roberto/Workspace/2022/TADS_BACK/stickers-api/src/modules/stickers/data/entity/index.ts","statementMap":{"0":{"start":{"line":1,"column":0},"end":{"line":1,"column":32}}},"fnMap":{},"branchMap":{},"s":{"0":1},"f":{},"b":{}}
,"/Users/roberto/Workspace/2022/TADS_BACK/stickers-api/src/modules/stickers/data/entity/sticker-entity.ts": {"path":"/Users/roberto/Workspace/2022/TADS_BACK/stickers-api/src/modules/stickers/data/entity/sticker-entity.ts","statementMap":{"0":{"start":{"line":1,"column":0},"end":{"line":1,"column":41}},"1":{"start":{"line":4,"column":22},"end":{"line":7,"column":2}},"2":{"start":{"line":9,"column":13},"end":{"line":9,"column":null}}},"fnMap":{},"branchMap":{},"s":{"0":1,"1":1,"2":1},"f":{},"b":{}}
,"/Users/roberto/Workspace/2022/TADS_BACK/stickers-api/src/modules/stickers/data/repository/index.ts": {"path":"/Users/roberto/Workspace/2022/TADS_BACK/stickers-api/src/modules/stickers/data/repository/index.ts","statementMap":{"0":{"start":{"line":1,"column":0},"end":{"line":1,"column":57}}},"fnMap":{},"branchMap":{},"s":{"0":1},"f":{},"b":{}}
,"/Users/roberto/Workspace/2022/TADS_BACK/stickers-api/src/modules/stickers/data/repository/sticker-repository.ts": {"path":"/Users/roberto/Workspace/2022/TADS_BACK/stickers-api/src/modules/stickers/data/repository/sticker-repository.ts","statementMap":{"0":{"start":{"line":1,"column":0},"end":{"line":1,"column":75}},"1":{"start":{"line":2,"column":0},"end":{"line":2,"column":51}},"2":{"start":{"line":4,"column":0},"end":{"line":4,"column":50}},"3":{"start":{"line":5,"column":0},"end":{"line":5,"column":35}},"4":{"start":{"line":7,"column":24},"end":{"line":28,"column":null}},"5":{"start":{"line":7,"column":71},"end":{"line":28,"column":null}},"6":{"start":{"line":8,"column":4},"end":{"line":27,"column":null}},"7":{"start":{"line":9,"column":20},"end":{"line":9,"column":44}},"8":{"start":{"line":10,"column":23},"end":{"line":13,"column":19}},"9":{"start":{"line":15,"column":8},"end":{"line":15,"column":null}},"10":{"start":{"line":16,"column":8},"end":{"line":16,"column":null}},"11":{"start":{"line":18,"column":8},"end":{"line":23,"column":null}},"12":{"start":{"line":25,"column":8},"end":{"line":26,"column":null}},"13":{"start":{"line":7,"column":13},"end":{"line":7,"column":24}},"14":{"start":{"line":30,"column":20},"end":{"line":48,"column":null}},"15":{"start":{"line":30,"column":60},"end":{"line":48,"column":null}},"16":{"start":{"line":31,"column":4},"end":{"line":47,"column":null}},"17":{"start":{"line":32,"column":20},"end":{"line":32,"column":44}},"18":{"start":{"line":33,"column":24},"end":{"line":33,"column":41}},"19":{"start":{"line":35,"column":8},"end":{"line":35,"column":null}},"20":{"start":{"line":36,"column":8},"end":{"line":36,"column":null}},"21":{"start":{"line":38,"column":8},"end":{"line":43,"column":null}},"22":{"start":{"line":45,"column":8},"end":{"line":46,"column":null}},"23":{"start":{"line":30,"column":13},"end":{"line":30,"column":20}}},"fnMap":{"0":{"name":"(anonymous_7)","decl":{"start":{"line":7,"column":24},"end":{"line":7,"column":31}},"loc":{"start":{"line":7,"column":71},"end":{"line":28,"column":null}}},"1":{"name":"(anonymous_8)","decl":{"start":{"line":7,"column":71},"end":{"line":7,"column":null}},"loc":{"start":{"line":7,"column":71},"end":{"line":28,"column":1}}},"2":{"name":"(anonymous_9)","decl":{"start":{"line":30,"column":20},"end":{"line":30,"column":27}},"loc":{"start":{"line":30,"column":60},"end":{"line":48,"column":null}}},"3":{"name":"(anonymous_10)","decl":{"start":{"line":30,"column":60},"end":{"line":30,"column":null}},"loc":{"start":{"line":30,"column":60},"end":{"line":48,"column":1}}}},"branchMap":{},"s":{"0":1,"1":1,"2":1,"3":1,"4":1,"5":0,"6":0,"7":0,"8":0,"9":0,"10":0,"11":0,"12":0,"13":1,"14":1,"15":2,"16":2,"17":2,"18":2,"19":2,"20":1,"21":1,"22":1,"23":1},"f":{"0":0,"1":0,"2":2,"3":2},"b":{}}
}
